<?xml version="1.0" encoding="UTF-8"?>
<!-- Generated by org.testng.reporters.JUnitXMLReporter -->
<testsuite hostname="Aozgur-Air.lan" ignored="1" name="Default test" tests="1" failures="0" timestamp="14 Dec 2019 08:42:07 GMT" time="8.689" errors="0">
  <testcase name="getTitle" time="0.179" classname="Tests.VerizonMainPageTesting"/>
  <testcase name="moveOnTablet" time="0.0" classname="Tests.VerizonMainPageTesting">
    <ignored/>
  </testcase> <!-- moveOnTablet -->
</testsuite> <!-- Default test -->
