<?xml version="1.0" encoding="UTF-8"?>
<!-- Generated by org.testng.reporters.JUnitXMLReporter -->
<testsuite hostname="Aozgur-Air.lan" ignored="0" name="Verizon Sanity Test" tests="5" failures="0" timestamp="19 Nov 2019 06:37:53 GMT" time="131.645" errors="0">
  <testcase name="clickOn" time="5.506" classname="Tests.SelectTabletPageTesting"/>
  <testcase name="selectedTablet" time="0.1" classname="Tests.ChoiceOneTabletTesting"/>
  <testcase name="selectFeaturesOfPhone" time="20.299" classname="Tests.TabletFeaturesPageTesting"/>
  <testcase name="getTitle" time="0.029" classname="Tests.VerizonMainPageTesting"/>
  <testcase name="moveOnPhonesGetSmartphones" time="8.254" classname="Tests.VerizonMainPageTesting"/>
</testsuite> <!-- Verizon Sanity Test -->
