<?xml version="1.0" encoding="UTF-8"?>
<!-- Generated by org.testng.reporters.JUnitXMLReporter -->
<testsuite hostname="Aozgur-Air.lan" ignored="0" name="VerizonTablet Sanity Test" tests="6" failures="0" timestamp="21 Nov 2019 03:53:06 GMT" time="191.585" errors="0">
  <testcase name="clickOn" time="45.395" classname="Tests.SelectTabletPageTesting"/>
  <testcase name="selectedTablet" time="6.011" classname="Tests.ChoiceOneTabletTesting"/>
  <testcase name="selectFeaturesOfTablet" time="6.445" classname="Tests.TabletFeaturesPageTesting"/>
  <testcase name="verifyItem" time="0.421" classname="Tests.VerifyItemNameTesting"/>
  <testcase name="getTitle" time="0.336" classname="Tests.VerizonMainPageTesting"/>
  <testcase name="moveOnTablet" time="5.491" classname="Tests.VerizonMainPageTesting"/>
</testsuite> <!-- VerizonTablet Sanity Test -->
