<?xml version="1.0" encoding="UTF-8"?>
<testng-results skipped="0" failed="0" ignored="1" total="2" passed="1">
  <reporter-output>
  </reporter-output>
  <suite name="Default suite" duration-ms="8689" started-at="2019-12-14T08:41:58Z" finished-at="2019-12-14T08:42:07Z">
    <groups>
    </groups>
    <test name="Default test" duration-ms="8689" started-at="2019-12-14T08:41:58Z" finished-at="2019-12-14T08:42:07Z">
      <class name="Tests.VerizonMainPageTesting">
        <test-method status="PASS" signature="setUp()[pri:0, instance:Tests.VerizonMainPageTesting@42d80b78]" name="setUp" is-config="true" duration-ms="7976" started-at="2019-12-14T08:41:58Z" finished-at="2019-12-14T08:42:06Z">
          <reporter-output>
          </reporter-output>
        </test-method> <!-- setUp -->
        <test-method status="PASS" signature="getTitle()[pri:1, instance:Tests.VerizonMainPageTesting@42d80b78]" name="getTitle" duration-ms="179" started-at="2019-12-14T08:42:06Z" finished-at="2019-12-14T08:42:07Z">
          <reporter-output>
          </reporter-output>
        </test-method> <!-- getTitle -->
        <test-method status="PASS" signature="tearDown()[pri:0, instance:Tests.VerizonMainPageTesting@42d80b78]" name="tearDown" is-config="true" duration-ms="488" started-at="2019-12-14T08:42:07Z" finished-at="2019-12-14T08:42:07Z">
          <reporter-output>
          </reporter-output>
        </test-method> <!-- tearDown -->
      </class> <!-- Tests.VerizonMainPageTesting -->
    </test> <!-- Default test -->
  </suite> <!-- Default suite -->
</testng-results>
